Assembler report for damian_lab4
Mon Jul 06 16:18:00 2026
Quartus Prime Version 20.1.1 Build 720 11/11/2020 SJ Lite Edition


---------------------
; Table of Contents ;
---------------------
  1. Legal Notice
  2. Assembler Summary
  3. Assembler Settings
  4. Assembler Generated Files
  5. Assembler Device Options: C:/Users/Mustafa/source/repos/TI-BHT-5.S/Entwurf Digitaler Systeme/damian_lab4 v2/damian_lab4/output_files/damian_lab4.sof
  6. Assembler Messages



----------------
; Legal Notice ;
----------------
Copyright (C) 2020  Intel Corporation. All rights reserved.
Your use of Intel Corporation's design tools, logic functions 
and other software and tools, and any partner logic 
functions, and any output files from any of the foregoing 
(including device programming or simulation files), and any 
associated documentation or information are expressly subject 
to the terms and conditions of the Intel Program License 
Subscription Agreement, the Intel Quartus Prime License Agreement,
the Intel FPGA IP License Agreement, or other applicable license
agreement, including, without limitation, that your use is for
the sole purpose of programming logic devices manufactured by
Intel and sold by Intel or its authorized distributors.  Please
refer to the applicable agreement for further details, at
https://fpgasoftware.intel.com/eula.



+---------------------------------------------------------------+
; Assembler Summary                                             ;
+-----------------------+---------------------------------------+
; Assembler Status      ; Successful - Mon Jul 06 16:18:00 2026 ;
; Revision Name         ; damian_lab4                           ;
; Top-level Entity Name ; top                                   ;
; Family                ; Cyclone IV E                          ;
; Device                ; EP4CE115F29C7                         ;
+-----------------------+---------------------------------------+


+----------------------------------+
; Assembler Settings               ;
+--------+---------+---------------+
; Option ; Setting ; Default Value ;
+--------+---------+---------------+


+----------------------------------------------------------------------------------------------------------------------------+
; Assembler Generated Files                                                                                                  ;
+----------------------------------------------------------------------------------------------------------------------------+
; File Name                                                                                                                  ;
+----------------------------------------------------------------------------------------------------------------------------+
; C:/Users/Mustafa/source/repos/TI-BHT-5.S/Entwurf Digitaler Systeme/damian_lab4 v2/damian_lab4/output_files/damian_lab4.sof ;
+----------------------------------------------------------------------------------------------------------------------------+


+------------------------------------------------------------------------------------------------------------------------------------------------------+
; Assembler Device Options: C:/Users/Mustafa/source/repos/TI-BHT-5.S/Entwurf Digitaler Systeme/damian_lab4 v2/damian_lab4/output_files/damian_lab4.sof ;
+----------------+-------------------------------------------------------------------------------------------------------------------------------------+
; Option         ; Setting                                                                                                                             ;
+----------------+-------------------------------------------------------------------------------------------------------------------------------------+
; JTAG usercode  ; 0x005F8C4E                                                                                                                          ;
; Checksum       ; 0x005F8C4E                                                                                                                          ;
+----------------+-------------------------------------------------------------------------------------------------------------------------------------+


+--------------------+
; Assembler Messages ;
+--------------------+
Info: *******************************************************************
Info: Running Quartus Prime Assembler
    Info: Version 20.1.1 Build 720 11/11/2020 SJ Lite Edition
    Info: Processing started: Mon Jul 06 16:17:56 2026
Info: Command: quartus_asm --read_settings_files=off --write_settings_files=off damian_lab4 -c damian_lab4
Info (115031): Writing out detailed assembly data for power analysis
Info (115030): Assembler is generating device programming files
Info: Quartus Prime Assembler was successful. 0 errors, 0 warnings
    Info: Peak virtual memory: 4692 megabytes
    Info: Processing ended: Mon Jul 06 16:18:00 2026
    Info: Elapsed time: 00:00:04
    Info: Total CPU time (on all processors): 00:00:05


